This is pdfTeX, Version 3.14159265-2.6-1.40.16 (TeX Live 2015) (preloaded format=pdflatex 2015.7.6)  10 JUL 2015 16:28
entering extended mode
 restricted \write18 enabled.
 %&-line parsing enabled.
**spettrometro.tex
(./spettrometro.tex
LaTeX2e <2015/01/01> patch level 1
Babel <3.9l> and hyphenation patterns for 79 languages loaded.
(/usr/local/texlive/2015/texmf-dist/tex/latex/extsizes/extarticle.cls
Document Class: extarticle 1996/10/08 v1.0 Non Standard LaTeX document class
(/usr/local/texlive/2015/texmf-dist/tex/latex/extsizes/size8.clo
File: size8.clo 1999/11/11 v1.4a NON-Standard LaTeX file (size option)
)
(/usr/local/texlive/2015/texmf-dist/tex/latex/base/exscale.sty
Package: exscale 2014/09/29 v2.1h Standard LaTeX package exscale
LaTeX Font Info:    Redeclaring symbol font `largesymbols' on input line 57.
LaTeX Font Info:    Overwriting symbol font `largesymbols' in version `normal'
(Font)                  OMX/cmex/m/n --> OMX/cmex/m/n on input line 57.
LaTeX Font Info:    Overwriting symbol font `largesymbols' in version `bold'
(Font)                  OMX/cmex/m/n --> OMX/cmex/m/n on input line 57.
\big@size=\dimen102
)
\c@part=\count79
\c@section=\count80
\c@subsection=\count81
\c@subsubsection=\count82
\c@paragraph=\count83
\c@subparagraph=\count84
\c@figure=\count85
\c@table=\count86
\abovecaptionskip=\skip41
\belowcaptionskip=\skip42
\bibindent=\dimen103
)
(/usr/local/texlive/2015/texmf-dist/tex/latex/base/makeidx.sty
Package: makeidx 2014/09/29 v1.0m Standard LaTeX package
)
(/usr/local/texlive/2015/texmf-dist/tex/latex/graphics/graphicx.sty
Package: graphicx 2014/10/28 v1.0g Enhanced LaTeX Graphics (DPC,SPQR)

(/usr/local/texlive/2015/texmf-dist/tex/latex/graphics/keyval.sty
Package: keyval 2014/10/28 v1.15 key=value parser (DPC)
\KV@toks@=\toks14
)
(/usr/local/texlive/2015/texmf-dist/tex/latex/graphics/graphics.sty
Package: graphics 2014/10/28 v1.0p Standard LaTeX Graphics (DPC,SPQR)

(/usr/local/texlive/2015/texmf-dist/tex/latex/graphics/trig.sty
Package: trig 1999/03/16 v1.09 sin cos tan (DPC)
)
(/usr/local/texlive/2015/texmf-dist/tex/latex/latexconfig/graphics.cfg
File: graphics.cfg 2010/04/23 v1.9 graphics configuration of TeX Live
)
Package graphics Info: Driver file: pdftex.def on input line 94.

(/usr/local/texlive/2015/texmf-dist/tex/latex/pdftex-def/pdftex.def
File: pdftex.def 2011/05/27 v0.06d Graphics/color for pdfTeX

(/usr/local/texlive/2015/texmf-dist/tex/generic/oberdiek/infwarerr.sty
Package: infwarerr 2010/04/08 v1.3 Providing info/warning/error messages (HO)
)
(/usr/local/texlive/2015/texmf-dist/tex/generic/oberdiek/ltxcmds.sty
Package: ltxcmds 2011/11/09 v1.22 LaTeX kernel commands for general use (HO)
)
\Gread@gobject=\count87
))
\Gin@req@height=\dimen104
\Gin@req@width=\dimen105
)
(/usr/local/texlive/2015/texmf-dist/tex/latex/amsmath/amsmath.sty
Package: amsmath 2013/01/14 v2.14 AMS math features
\@mathmargin=\skip43

For additional information on amsmath, use the `?' option.
(/usr/local/texlive/2015/texmf-dist/tex/latex/amsmath/amstext.sty
Package: amstext 2000/06/29 v2.01

(/usr/local/texlive/2015/texmf-dist/tex/latex/amsmath/amsgen.sty
File: amsgen.sty 1999/11/30 v2.0
\@emptytoks=\toks15
\ex@=\dimen106
))
(/usr/local/texlive/2015/texmf-dist/tex/latex/amsmath/amsbsy.sty
Package: amsbsy 1999/11/29 v1.2d
\pmbraise@=\dimen107
)
(/usr/local/texlive/2015/texmf-dist/tex/latex/amsmath/amsopn.sty
Package: amsopn 1999/12/14 v2.01 operator names
)
\inf@bad=\count88
LaTeX Info: Redefining \frac on input line 210.
\uproot@=\count89
\leftroot@=\count90
LaTeX Info: Redefining \overline on input line 306.
\classnum@=\count91
\DOTSCASE@=\count92
LaTeX Info: Redefining \ldots on input line 378.
LaTeX Info: Redefining \dots on input line 381.
LaTeX Info: Redefining \cdots on input line 466.
\Mathstrutbox@=\box26
\strutbox@=\box27
\big@size=\dimen108
LaTeX Font Info:    Redeclaring font encoding OML on input line 566.
LaTeX Font Info:    Redeclaring font encoding OMS on input line 567.
\macc@depth=\count93
\c@MaxMatrixCols=\count94
\dotsspace@=\muskip10
\c@parentequation=\count95
\dspbrk@lvl=\count96
\tag@help=\toks16
\row@=\count97
\column@=\count98
\maxfields@=\count99
\andhelp@=\toks17
\eqnshift@=\dimen109
\alignsep@=\dimen110
\tagshift@=\dimen111
\tagwidth@=\dimen112
\totwidth@=\dimen113
\lineht@=\dimen114
\@envbody=\toks18
\multlinegap=\skip44
\multlinetaggap=\skip45
\mathdisplay@stack=\toks19
LaTeX Info: Redefining \[ on input line 2665.
LaTeX Info: Redefining \] on input line 2666.
)
(/usr/local/texlive/2015/texmf-dist/tex/latex/amsfonts/amssymb.sty
Package: amssymb 2013/01/14 v3.01 AMS font symbols

(/usr/local/texlive/2015/texmf-dist/tex/latex/amsfonts/amsfonts.sty
Package: amsfonts 2013/01/14 v3.01 Basic AMSFonts support
\symAMSa=\mathgroup4
\symAMSb=\mathgroup5
LaTeX Font Info:    Overwriting math alphabet `\mathfrak' in version `bold'
(Font)                  U/euf/m/n --> U/euf/b/n on input line 106.
))
(/usr/local/texlive/2015/texmf-dist/tex/latex/base/latexsym.sty
Package: latexsym 1998/08/17 v2.2e Standard LaTeX package (lasy symbols)
\symlasy=\mathgroup6
LaTeX Font Info:    Overwriting symbol font `lasy' in version `bold'
(Font)                  U/lasy/m/n --> U/lasy/b/n on input line 52.
)
(/usr/local/texlive/2015/texmf-dist/tex/latex/caption/subcaption.sty
Package: subcaption 2013/02/03 v1.1-62 Sub-captions (AR)

(/usr/local/texlive/2015/texmf-dist/tex/latex/caption/caption.sty
Package: caption 2013/05/02 v3.3-89 Customizing captions (AR)

(/usr/local/texlive/2015/texmf-dist/tex/latex/caption/caption3.sty
Package: caption3 2013/05/02 v1.6-88 caption3 kernel (AR)
Package caption3 Info: TeX engine: e-TeX on input line 57.
\captionmargin=\dimen115
\captionmargin@=\dimen116
\captionwidth=\dimen117
\caption@tempdima=\dimen118
\caption@indent=\dimen119
\caption@parindent=\dimen120
\caption@hangindent=\dimen121
)
\c@ContinuedFloat=\count100
)
\c@subfigure=\count101
\c@subtable=\count102
)
(/usr/local/texlive/2015/texmf-dist/tex/latex/base/inputenc.sty
Package: inputenc 2015/03/17 v1.2c Input encoding file
\inpenc@prehook=\toks20
\inpenc@posthook=\toks21

(/usr/local/texlive/2015/texmf-dist/tex/latex/ucs/utf8x.def
File: utf8x.def 2004/10/17 UCS: Input encoding UTF-8
))
(/usr/local/texlive/2015/texmf-dist/tex/latex/ucs/ucs.sty
Package: ucs 2013/05/11 v2.2 UCS: Unicode input support

(/usr/local/texlive/2015/texmf-dist/tex/latex/ucs/data/uni-global.def
File: uni-global.def 2013/05/13 UCS: Unicode global data
)
\uc@secondtry=\count103
\uc@combtoks=\toks22
\uc@combtoksb=\toks23
\uc@temptokena=\toks24
)
(/usr/local/texlive/2015/texmf-dist/tex/latex/titlesec/titlesec.sty
Package: titlesec 2011/12/15 v2.10.0 Sectioning titles
\ttl@box=\box28
\beforetitleunit=\skip46
\aftertitleunit=\skip47
\ttl@plus=\dimen122
\ttl@minus=\dimen123
\ttl@toksa=\toks25
\titlewidth=\dimen124
\titlewidthlast=\dimen125
\titlewidthfirst=\dimen126
)
(/usr/local/texlive/2015/texmf-dist/tex/latex/tools/bm.sty
Package: bm 2014/10/28 v1.1c Bold Symbol Support (DPC/FMi)
\symboldoperators=\mathgroup7
\symboldletters=\mathgroup8
\symboldsymbols=\mathgroup9
\symboldlasy=\mathgroup10
LaTeX Font Info:    Redeclaring math alphabet \mathbf on input line 141.
LaTeX Info: Redefining \bm on input line 207.
)
(/usr/local/texlive/2015/texmf-dist/tex/latex/mathtools/mathtools.sty
Package: mathtools 2015/06/17 v1.17 mathematical typesetting tools

(/usr/local/texlive/2015/texmf-dist/tex/latex/tools/calc.sty
Package: calc 2014/10/28 v4.3 Infix arithmetic (KKT,FJ)
\calc@Acount=\count104
\calc@Bcount=\count105
\calc@Adimen=\dimen127
\calc@Bdimen=\dimen128
\calc@Askip=\skip48
\calc@Bskip=\skip49
LaTeX Info: Redefining \setlength on input line 80.
LaTeX Info: Redefining \addtolength on input line 81.
\calc@Ccount=\count106
\calc@Cskip=\skip50
)
(/usr/local/texlive/2015/texmf-dist/tex/latex/mathtools/mhsetup.sty
Package: mhsetup 2010/01/21 v1.2a programming setup (MH)
)
LaTeX Info: Thecontrolsequence`\('isalreadyrobust on input line 129.
LaTeX Info: Thecontrolsequence`\)'isalreadyrobust on input line 129.
LaTeX Info: Thecontrolsequence`\['isalreadyrobust on input line 129.
LaTeX Info: Thecontrolsequence`\]'isalreadyrobust on input line 129.
\g_MT_multlinerow_int=\count107
\l_MT_multwidth_dim=\dimen129
\origjot=\skip51
\l_MT_shortvdotswithinadjustabove_dim=\dimen130
\l_MT_shortvdotswithinadjustbelow_dim=\dimen131
\l_MT_above_intertext_sep=\dimen132
\l_MT_below_intertext_sep=\dimen133
\l_MT_above_shortintertext_sep=\dimen134
\l_MT_below_shortintertext_sep=\dimen135
)
(/usr/local/texlive/2015/texmf-dist/tex/latex/ms/ragged2e.sty
Package: ragged2e 2009/05/21 v2.1 ragged2e Package (MS)


LaTeX Warning: Command \@arrayparboxrestore  has changed.
               Check if current package is valid.

(/usr/local/texlive/2015/texmf-dist/tex/latex/ms/everysel.sty
Package: everysel 2011/10/28 v1.2 EverySelectfont Package (MS)
)
(/usr/local/texlive/2015/texmf-dist/tex/latex/footmisc/footmisc.sty
Package: footmisc 2011/06/06 v5.5b a miscellany of footnote facilities
\FN@temptoken=\toks26
\footnotemargin=\dimen136
\c@pp@next@reset=\count108
Package footmisc Info: Declaring symbol style bringhurst on input line 855.
Package footmisc Info: Declaring symbol style chicago on input line 863.
Package footmisc Info: Declaring symbol style wiley on input line 872.
Package footmisc Info: Declaring symbol style lamport-robust on input line 883.

Package footmisc Info: Declaring symbol style lamport* on input line 903.
Package footmisc Info: Declaring symbol style lamport*-robust on input line 924
.
)
\CenteringLeftskip=\skip52
\RaggedLeftLeftskip=\skip53
\RaggedRightLeftskip=\skip54
\CenteringRightskip=\skip55
\RaggedLeftRightskip=\skip56
\RaggedRightRightskip=\skip57
\CenteringParfillskip=\skip58
\RaggedLeftParfillskip=\skip59
\RaggedRightParfillskip=\skip60
\JustifyingParfillskip=\skip61
\CenteringParindent=\skip62
\RaggedLeftParindent=\skip63
\RaggedRightParindent=\skip64
\JustifyingParindent=\skip65
)
(/usr/local/texlive/2015/texmf-dist/tex/latex/geometry/geometry.sty
Package: geometry 2010/09/12 v5.6 Page Geometry

(/usr/local/texlive/2015/texmf-dist/tex/generic/oberdiek/ifpdf.sty
Package: ifpdf 2011/01/30 v2.3 Provides the ifpdf switch (HO)
Package ifpdf Info: pdfTeX in PDF mode is detected.
)
(/usr/local/texlive/2015/texmf-dist/tex/generic/oberdiek/ifvtex.sty
Package: ifvtex 2010/03/01 v1.5 Detect VTeX and its facilities (HO)
Package ifvtex Info: VTeX not detected.
)
(/usr/local/texlive/2015/texmf-dist/tex/generic/ifxetex/ifxetex.sty
Package: ifxetex 2010/09/12 v0.6 Provides ifxetex conditional
)
\Gm@cnth=\count109
\Gm@cntv=\count110
\c@Gm@tempcnt=\count111
\Gm@bindingoffset=\dimen137
\Gm@wd@mp=\dimen138
\Gm@odd@mp=\dimen139
\Gm@even@mp=\dimen140
\Gm@layoutwidth=\dimen141
\Gm@layoutheight=\dimen142
\Gm@layouthoffset=\dimen143
\Gm@layoutvoffset=\dimen144
\Gm@dimlist=\toks27
)
\@indexfile=\write3
\openout3 = `spettrometro.idx'.


Writing index file spettrometro.idx
(./spettrometro.aux

LaTeX Warning: Label `tab:apparato' multiply defined.

)
\openout1 = `spettrometro.aux'.

LaTeX Font Info:    Checking defaults for OML/cmm/m/it on input line 20.
LaTeX Font Info:    ... okay on input line 20.
LaTeX Font Info:    Checking defaults for T1/cmr/m/n on input line 20.
LaTeX Font Info:    ... okay on input line 20.
LaTeX Font Info:    Checking defaults for OT1/cmr/m/n on input line 20.
LaTeX Font Info:    ... okay on input line 20.
LaTeX Font Info:    Checking defaults for OMS/cmsy/m/n on input line 20.
LaTeX Font Info:    ... okay on input line 20.
LaTeX Font Info:    Checking defaults for OMX/cmex/m/n on input line 20.
LaTeX Font Info:    ... okay on input line 20.
LaTeX Font Info:    Checking defaults for U/cmr/m/n on input line 20.
LaTeX Font Info:    ... okay on input line 20.
 (/usr/local/texlive/2015/texmf-dist/tex/context/base/supp-pdf.mkii
[Loading MPS to PDF converter (version 2006.09.02).]
\scratchcounter=\count112
\scratchdimen=\dimen145
\scratchbox=\box29
\nofMPsegments=\count113
\nofMParguments=\count114
\everyMPshowfont=\toks28
\MPscratchCnt=\count115
\MPscratchDim=\dimen146
\MPnumerator=\count116
\makeMPintoPDFobject=\count117
\everyMPtoPDFconversion=\toks29
) (/usr/local/texlive/2015/texmf-dist/tex/generic/oberdiek/pdftexcmds.sty
Package: pdftexcmds 2011/11/29 v0.20 Utility functions of pdfTeX for LuaTeX (HO
)

(/usr/local/texlive/2015/texmf-dist/tex/generic/oberdiek/ifluatex.sty
Package: ifluatex 2010/03/01 v1.3 Provides the ifluatex switch (HO)
Package ifluatex Info: LuaTeX not detected.
)
Package pdftexcmds Info: LuaTeX not detected.
Package pdftexcmds Info: \pdf@primitive is available.
Package pdftexcmds Info: \pdf@ifprimitive is available.
Package pdftexcmds Info: \pdfdraftmode found.
)
(/usr/local/texlive/2015/texmf-dist/tex/latex/oberdiek/epstopdf-base.sty
Package: epstopdf-base 2010/02/09 v2.5 Base part for package epstopdf

(/usr/local/texlive/2015/texmf-dist/tex/latex/oberdiek/grfext.sty
Package: grfext 2010/08/19 v1.1 Manage graphics extensions (HO)

(/usr/local/texlive/2015/texmf-dist/tex/generic/oberdiek/kvdefinekeys.sty
Package: kvdefinekeys 2011/04/07 v1.3 Define keys (HO)
))
(/usr/local/texlive/2015/texmf-dist/tex/latex/oberdiek/kvoptions.sty
Package: kvoptions 2011/06/30 v3.11 Key value format for package options (HO)

(/usr/local/texlive/2015/texmf-dist/tex/generic/oberdiek/kvsetkeys.sty
Package: kvsetkeys 2012/04/25 v1.16 Key value parser (HO)

(/usr/local/texlive/2015/texmf-dist/tex/generic/oberdiek/etexcmds.sty
Package: etexcmds 2011/02/16 v1.5 Avoid name clashes with e-TeX commands (HO)
Package etexcmds Info: Could not find \expanded.
(etexcmds)             That can mean that you are not using pdfTeX 1.50 or
(etexcmds)             that some package has redefined \expanded.
(etexcmds)             In the latter case, load this package earlier.
)))
Package grfext Info: Graphics extension search list:
(grfext)             [.png,.pdf,.jpg,.mps,.jpeg,.jbig2,.jb2,.PNG,.PDF,.JPG,.JPE
G,.JBIG2,.JB2,.eps]
(grfext)             \AppendGraphicsExtensions on input line 452.

(/usr/local/texlive/2015/texmf-dist/tex/latex/latexconfig/epstopdf-sys.cfg
File: epstopdf-sys.cfg 2010/07/13 v1.3 Configuration of (r)epstopdf for TeX Liv
e
))
Package caption Info: Begin \AtBeginDocument code.
Package caption Info: End \AtBeginDocument code.

(/usr/local/texlive/2015/texmf-dist/tex/latex/ucs/ucsencs.def
File: ucsencs.def 2011/01/21 Fixes to fontencodings LGR, T3
)
Package ragged2e Info: ABD: executing \RaggedRight on input line 20.

ABD: EverySelectfont initializing macros
LaTeX Info: Redefining \selectfont on input line 20.

*geometry* driver: auto-detecting
*geometry* detected driver: pdftex
*geometry* verbose mode - [ preamble ] result:
* driver: pdftex
* paper: <default>
* layout: <same size as paper>
* layoutoffset:(h,v)=(0.0pt,0.0pt)
* modes: 
* h-part:(L,W,R)=(85.35826pt, 443.57848pt, 85.35826pt)
* v-part:(T,H,B)=(95.39737pt, 556.47656pt, 143.09605pt)
* \paperwidth=614.295pt
* \paperheight=794.96999pt
* \textwidth=443.57848pt
* \textheight=556.47656pt
* \oddsidemargin=13.08827pt
* \evensidemargin=13.08827pt
* \topmargin=-13.87262pt
* \headheight=12.0pt
* \headsep=25.0pt
* \topskip=9.0pt
* \footskip=30.0pt
* \marginparwidth=74.0pt
* \marginparsep=10.0pt
* \columnsep=10.0pt
* \skip\footins=7.0pt plus 4.0pt minus 2.0pt
* \hoffset=0.0pt
* \voffset=0.0pt
* \mag=1000
* \@twocolumnfalse
* \@twosidefalse
* \@mparswitchfalse
* \@reversemarginfalse
* (1in=72.27pt=25.4mm, 1cm=28.453pt)

LaTeX Font Info:    Try loading font information for U+msa on input line 24.
(/usr/local/texlive/2015/texmf-dist/tex/latex/amsfonts/umsa.fd
File: umsa.fd 2013/01/14 v3.01 AMS symbols A
)
LaTeX Font Info:    Try loading font information for U+msb on input line 24.

(/usr/local/texlive/2015/texmf-dist/tex/latex/amsfonts/umsb.fd
File: umsb.fd 2013/01/14 v3.01 AMS symbols B
)
LaTeX Font Info:    Try loading font information for U+lasy on input line 24.

(/usr/local/texlive/2015/texmf-dist/tex/latex/base/ulasy.fd
File: ulasy.fd 1998/08/17 v2.2e LaTeX symbol font definitions
) [1

{/usr/local/texlive/2015/texmf-var/fonts/map/pdftex/updmap/pdftex.map}]
LaTeX Font Info:    Font shape `U/lasy/b/n' in size <7> not available
(Font)              Font shape `U/lasy/m/n' tried instead on input line 45.
LaTeX Font Info:    Font shape `U/lasy/b/n' in size <5> not available
(Font)              Font shape `U/lasy/m/n' tried instead on input line 45.

(/usr/local/texlive/2015/texmf-dist/tex/latex/ucs/data/uni-0.def
File: uni-0.def 2013/05/13 UCS: Unicode data U+0000..U+00FF
)
LaTeX Font Info:    Font shape `U/lasy/b/n' in size <8> not available
(Font)              Font shape `U/lasy/m/n' tried instead on input line 51.
LaTeX Font Info:    Font shape `U/lasy/b/n' in size <6> not available
(Font)              Font shape `U/lasy/m/n' tried instead on input line 51.

Overfull \hbox (17.87334pt too wide) in paragraph at lines 51--53
[]\OT1/cmr/m/n/10.95 Il pre-sente pro-getto con-siste nella sim-u-lazione di un
o spet-trometro per la ri-costruzione dell'impulso
 []


Underfull \hbox (badness 10000) in paragraph at lines 56--57

 []

<apparato_3d.png, id=14, 998.22937pt x 487.8225pt>
File: apparato_3d.png Graphic file (type png)
 <use apparato_3d.png>
Package pdftex.def Info: apparato_3d.png used on input line 64.
(pdftex.def)             Requested size: 399.28467pt x 195.12553pt.

<apparato_2d.png, id=15, 1442.38875pt x 670.75594pt>
File: apparato_2d.png Graphic file (type png)
 <use apparato_2d.png>
Package pdftex.def Info: apparato_2d.png used on input line 72.
(pdftex.def)             Requested size: 576.94528pt x 268.2976pt.

Overfull \hbox (133.3668pt too wide) in paragraph at lines 72--73
 [] 
 []


Underfull \hbox (badness 10000) in paragraph at lines 86--87

 []

[2]
Overfull \hbox (1.04727pt too wide) in paragraph at lines 123--123
[]$[]\OT1/cmr/m/n/8 (\OML/cmm/m/it/8 MeV=c\OT1/cmr/m/n/8 )$|  
 []

<script_structure.png, id=33, 517.935pt x 404.51125pt>
File: script_structure.png Graphic file (type png)

<use script_structure.png>
Package pdftex.def Info: script_structure.png used on input line 141.
(pdftex.def)             Requested size: 207.17032pt x 161.80162pt.
 [3 <./apparato_3d.png>] [4 <./apparato_2d.png>]
Underfull \hbox (badness 10000) in paragraph at lines 147--148

 []


Underfull \hbox (badness 10000) in paragraph at lines 149--150

 []

LaTeX Font Info:    Try loading font information for OMS+cmr on input line 151.

(/usr/local/texlive/2015/texmf-dist/tex/latex/base/omscmr.fd
File: omscmr.fd 2014/09/29 v2.5h Standard LaTeX font definitions
)
LaTeX Font Info:    Font shape `OMS/cmr/m/n' in size <10.95> not available
(Font)              Font shape `OMS/cmsy/m/n' tried instead on input line 151.

Overfull \hbox (1.01157pt too wide) in paragraph at lines 153--154
\OT1/cmr/m/n/10.95 fruibili allo sper-i-men-ta-tore, si oc-cupa di ef-fet-tuare
 un fit cin-e-matico con vin-coli e parametri
 []


Underfull \hbox (badness 10000) in paragraph at lines 156--157

 []


Underfull \hbox (badness 10000) in paragraph at lines 160--163

 []

[5 <./script_structure.png>] <gen_pK.png, id=49, 1289.81876pt x 773.89125pt>
File: gen_pK.png Graphic file (type png)

<use gen_pK.png>
Package pdftex.def Info: gen_pK.png used on input line 207.
(pdftex.def)             Requested size: 386.94861pt x 232.16916pt.
 <gen_z.png, id=50, 1596.96625pt x 773.89125pt>
File: gen_z.png Graphic file (type png)

<use gen_z.png>
Package pdftex.def Info: gen_z.png used on input line 215.
(pdftex.def)             Requested size: 479.09358pt x 232.16916pt.

Overfull \hbox (35.5151pt too wide) in paragraph at lines 215--216
 [] 
 []

<gen_theta.png, id=51, 1377.145pt x 773.89125pt>
File: gen_theta.png Graphic file (type png)
 <use gen_theta.png>
Package pdftex.def Info: gen_theta.png used on input line 223.
(pdftex.def)             Requested size: 413.14668pt x 232.16916pt.

<gen_phi.png, id=52, 1178.4025pt x 773.89125pt>
File: gen_phi.png Graphic file (type png)
 <use gen_phi.png>
Package pdftex.def Info: gen_phi.png used on input line 231.
(pdftex.def)             Requested size: 353.52348pt x 232.16916pt.

<gen_p.png, id=53, 1178.4025pt x 773.89125pt>
File: gen_p.png Graphic file (type png)
 <use gen_p.png>
Package pdftex.def Info: gen_p.png used on input line 239.
(pdftex.def)             Requested size: 353.52348pt x 232.16916pt.

<gen_thetatheta.png, id=54, 1596.96625pt x 773.89125pt>
File: gen_thetatheta.png Graphic file (type png)

<use gen_thetatheta.png>
Package pdftex.def Info: gen_thetatheta.png used on input line 247.
(pdftex.def)             Requested size: 479.09358pt x 232.16916pt.

Overfull \hbox (35.5151pt too wide) in paragraph at lines 247--248
 [] 
 []

<gen_thetap.png, id=55, 1404.24625pt x 773.89125pt>
File: gen_thetap.png Graphic file (type png)
 <use gen_thetap.png>
Package pdftex.def Info: gen_thetap.png used on input line 255.
(pdftex.def)             Requested size: 421.27713pt x 232.16916pt.

[6] [7 <./gen_pK.png> <./gen_z.png>] [8 <./gen_theta.png> <./gen_phi.png>]
[9 <./gen_p.png> <./gen_thetatheta.png>] [10 <./gen_thetap.png>]
Underfull \hbox (badness 10000) in paragraph at lines 280--281

 []

<acc_vs_rint.png, id=73, 1596.96625pt x 773.89125pt>
File: acc_vs_rint.png Graphic file (type png)
 <use acc_vs_rint.png>
Package pdftex.def Info: acc_vs_rint.png used on input line 298.
(pdftex.def)             Requested size: 479.09358pt x 232.16916pt.

Overfull \hbox (35.5151pt too wide) in paragraph at lines 298--299
 [] 
 []

[11] [12 <./acc_vs_rint.png>]
<reco_zCDA.png, id=80, 1684.2925pt x 926.46124pt>
File: reco_zCDA.png Graphic file (type png)
 <use reco_zCDA.png>
Package pdftex.def Info: reco_zCDA.png used on input line 380.
(pdftex.def)             Requested size: 505.29166pt x 277.9405pt.

Overfull \hbox (61.71318pt too wide) in paragraph at lines 380--381
 [] 
 []

<reco_p_curvatura.png, id=81, 1684.2925pt x 926.46124pt>
File: reco_p_curvatura.png Graphic file (type png)

<use reco_p_curvatura.png>
Package pdftex.def Info: reco_p_curvatura.png used on input line 388.
(pdftex.def)             Requested size: 421.0721pt x 231.61473pt.

<reco_pk_curvatura.png, id=82, 1684.2925pt x 926.46124pt>
File: reco_pk_curvatura.png Graphic file (type png)

<use reco_pk_curvatura.png>
Package pdftex.def Info: reco_pk_curvatura.png used on input line 396.
(pdftex.def)             Requested size: 421.0721pt x 231.61473pt.

Underfull \hbox (badness 10000) in paragraph at lines 403--404

 []

[13] [14 <./reco_zCDA.png>] [15 <./reco_p_curvatura.png> <./reco_pk_curvatura.p
ng>]
Underfull \hbox (badness 10000) in paragraph at lines 411--413

 []


Underfull \hbox (badness 10000) in paragraph at lines 414--415

 []


Underfull \hbox (badness 10000) in paragraph at lines 416--417

 []


Underfull \hbox (badness 10000) in paragraph at lines 418--419

 []

[16] [17]
Overfull \hbox (52.23215pt too wide) in paragraph at lines 473--474
[]\OT1/cmr/m/n/10.95 Per quanto riguarda i parametri, sono 4 nel caso dell'appr
occio a sin-gola trac-cia ($\OML/cmm/m/it/10.95 z[]; z[]; \OT1/cmr/m/n/10.95 1\
OML/cmm/m/it/10.95 =p[]; \OMS/cmsy/m/n/10.95 ^^@\OT1/cmr/m/n/10.95 1\OML/cmm/m/
it/10.95 =p[]$[]\OT1/cmr/m/n/10.95 ),
 []

[18]
Overfull \hbox (45.1886pt too wide) in paragraph at lines 509--509
[]\OT1/cmr/m/n/8 Risoluzione(GeV/c)|  
 []


Overfull \hbox (19.52573pt too wide) in paragraph at lines 509--510
[]\OT1/cmr/m/n/8 Tempo(s)/ev|  
 []

[19] <set_1_x.png, id=106, 1859.94875pt x 928.46875pt>
File: set_1_x.png Graphic file (type png)
 <use set_1_x.png>
Package pdftex.def Info: set_1_x.png used on input line 548.
(pdftex.def)             Requested size: 464.98605pt x 232.11662pt.

Overfull \hbox (21.40758pt too wide) in paragraph at lines 548--549
 [] 
 []

<set_1_z.png, id=107, 1859.94875pt x 928.46875pt>
File: set_1_z.png Graphic file (type png)
 <use set_1_z.png>
Package pdftex.def Info: set_1_z.png used on input line 556.
(pdftex.def)             Requested size: 464.98605pt x 232.11662pt.

Overfull \hbox (21.40758pt too wide) in paragraph at lines 556--557
 [] 
 []

<set_1_p.png, id=108, 1859.94875pt x 928.46875pt>
File: set_1_p.png Graphic file (type png)
 <use set_1_p.png>
Package pdftex.def Info: set_1_p.png used on input line 564.
(pdftex.def)             Requested size: 464.98605pt x 232.11662pt.

Overfull \hbox (21.40758pt too wide) in paragraph at lines 564--565
 [] 
 []

<set_1_chi2.png, id=109, 1859.94875pt x 928.46875pt>
File: set_1_chi2.png Graphic file (type png)
 <use set_1_chi2.png>
Package pdftex.def Info: set_1_chi2.png used on input line 572.
(pdftex.def)             Requested size: 464.98605pt x 232.11662pt.

Overfull \hbox (21.40758pt too wide) in paragraph at lines 572--573
 [] 
 []

<set_2_x.png, id=110, 1859.94875pt x 928.46875pt>
File: set_2_x.png Graphic file (type png)
 <use set_2_x.png>
Package pdftex.def Info: set_2_x.png used on input line 580.
(pdftex.def)             Requested size: 464.98605pt x 232.11662pt.

Overfull \hbox (21.40758pt too wide) in paragraph at lines 580--581
 [] 
 []

<set_2_z.png, id=111, 1859.94875pt x 928.46875pt>
File: set_2_z.png Graphic file (type png)
 <use set_2_z.png>
Package pdftex.def Info: set_2_z.png used on input line 588.
(pdftex.def)             Requested size: 464.98605pt x 232.11662pt.

Overfull \hbox (21.40758pt too wide) in paragraph at lines 588--589
 [] 
 []

<set_2_p.png, id=112, 1859.94875pt x 928.46875pt>
File: set_2_p.png Graphic file (type png)
 <use set_2_p.png>
Package pdftex.def Info: set_2_p.png used on input line 596.
(pdftex.def)             Requested size: 464.98605pt x 232.11662pt.

Overfull \hbox (21.40758pt too wide) in paragraph at lines 596--597
 [] 
 []

<set_2_chi2.png, id=113, 1859.94875pt x 928.46875pt>
File: set_2_chi2.png Graphic file (type png)
 <use set_2_chi2.png>
Package pdftex.def Info: set_2_chi2.png used on input line 604.
(pdftex.def)             Requested size: 464.98605pt x 232.11662pt.

Overfull \hbox (21.40758pt too wide) in paragraph at lines 604--605
 [] 
 []

<set_2_inv.png, id=114, 1859.94875pt x 928.46875pt>
File: set_2_inv.png Graphic file (type png)
 <use set_2_inv.png>
Package pdftex.def Info: set_2_inv.png used on input line 612.
(pdftex.def)             Requested size: 464.98605pt x 232.11662pt.

Overfull \hbox (21.40758pt too wide) in paragraph at lines 612--613
 [] 
 []

<set_3_x.png, id=115, 1859.94875pt x 928.46875pt>
File: set_3_x.png Graphic file (type png)
 <use set_3_x.png>
Package pdftex.def Info: set_3_x.png used on input line 621.
(pdftex.def)             Requested size: 464.98605pt x 232.11662pt.

Overfull \hbox (21.40758pt too wide) in paragraph at lines 621--622
 [] 
 []

<set_3_z.png, id=116, 1859.94875pt x 928.46875pt>
File: set_3_z.png Graphic file (type png)
 <use set_3_z.png>
Package pdftex.def Info: set_3_z.png used on input line 629.
(pdftex.def)             Requested size: 464.98605pt x 232.11662pt.

Overfull \hbox (21.40758pt too wide) in paragraph at lines 629--630
 [] 
 []

<set_3_p.png, id=117, 1859.94875pt x 928.46875pt>
File: set_3_p.png Graphic file (type png)
 <use set_3_p.png>
Package pdftex.def Info: set_3_p.png used on input line 637.
(pdftex.def)             Requested size: 464.98605pt x 232.11662pt.

Overfull \hbox (21.40758pt too wide) in paragraph at lines 637--638
 [] 
 []

<set_3_chi2.png, id=118, 1859.94875pt x 928.46875pt>
File: set_3_chi2.png Graphic file (type png)
 <use set_3_chi2.png>
Package pdftex.def Info: set_3_chi2.png used on input line 645.
(pdftex.def)             Requested size: 464.98605pt x 232.11662pt.

Overfull \hbox (21.40758pt too wide) in paragraph at lines 645--646
 [] 
 []

<set_4_x.png, id=119, 1859.94875pt x 928.46875pt>
File: set_4_x.png Graphic file (type png)
 <use set_4_x.png>
Package pdftex.def Info: set_4_x.png used on input line 653.
(pdftex.def)             Requested size: 464.98605pt x 232.11662pt.

Overfull \hbox (21.40758pt too wide) in paragraph at lines 653--654
 [] 
 []

<set_4_z.png, id=120, 1859.94875pt x 928.46875pt>
File: set_4_z.png Graphic file (type png)
 <use set_4_z.png>
Package pdftex.def Info: set_4_z.png used on input line 661.
(pdftex.def)             Requested size: 464.98605pt x 232.11662pt.

Overfull \hbox (21.40758pt too wide) in paragraph at lines 661--662
 [] 
 []

<set_4_p.png, id=121, 1859.94875pt x 928.46875pt>
File: set_4_p.png Graphic file (type png)
 <use set_4_p.png>
Package pdftex.def Info: set_4_p.png used on input line 669.
(pdftex.def)             Requested size: 464.98605pt x 232.11662pt.

Overfull \hbox (21.40758pt too wide) in paragraph at lines 669--670
 [] 
 []

<set_4_chi2.png, id=122, 1859.94875pt x 928.46875pt>
File: set_4_chi2.png Graphic file (type png)
 <use set_4_chi2.png>
Package pdftex.def Info: set_4_chi2.png used on input line 677.
(pdftex.def)             Requested size: 464.98605pt x 232.11662pt.

Overfull \hbox (21.40758pt too wide) in paragraph at lines 677--678
 [] 
 []

<set_5_x.png, id=123, 1859.94875pt x 928.46875pt>
File: set_5_x.png Graphic file (type png)
 <use set_5_x.png>
Package pdftex.def Info: set_5_x.png used on input line 685.
(pdftex.def)             Requested size: 464.98605pt x 232.11662pt.

Overfull \hbox (21.40758pt too wide) in paragraph at lines 685--686
 [] 
 []

[20 <./set_1_x.png>] [21 <./set_1_z.png> <./set_1_p.png>] [22 <./set_1_chi2.png
> <./set_2_x.png>] [23 <./set_2_z.png> <./set_2_p.png>] [24 <./set_2_chi2.png> 
<./set_2_inv.png>] [25 <./set_3_x.png> <./set_3_z.png>] [26 <./set_3_p.png> <./
set_3_chi2.png>] [27 <./set_4_x.png> <./set_4_z.png>] [28 <./set_4_p.png> <./se
t_4_chi2.png>] [29 <./set_5_x.png>]
<set_5_z.png, id=155, 1859.94875pt x 928.46875pt>
File: set_5_z.png Graphic file (type png)
 <use set_5_z.png>
Package pdftex.def Info: set_5_z.png used on input line 695.
(pdftex.def)             Requested size: 464.98605pt x 232.11662pt.

Overfull \hbox (21.40758pt too wide) in paragraph at lines 695--696
 [] 
 []

<set_5_p.png, id=156, 1859.94875pt x 928.46875pt>
File: set_5_p.png Graphic file (type png)
 <use set_5_p.png>
Package pdftex.def Info: set_5_p.png used on input line 703.
(pdftex.def)             Requested size: 464.98605pt x 232.11662pt.

Overfull \hbox (21.40758pt too wide) in paragraph at lines 703--704
 [] 
 []

<set_5_chi2.png, id=157, 1859.94875pt x 928.46875pt>
File: set_5_chi2.png Graphic file (type png)
 <use set_5_chi2.png>
Package pdftex.def Info: set_5_chi2.png used on input line 711.
(pdftex.def)             Requested size: 464.98605pt x 232.11662pt.

Overfull \hbox (21.40758pt too wide) in paragraph at lines 711--712
 [] 
 []

<set_5_spettro.png, id=158, 1684.2925pt x 926.46124pt>
File: set_5_spettro.png Graphic file (type png)
 <use set_5_spettro.png>
Package pdftex.def Info: set_5_spettro.png used on input line 719.
(pdftex.def)             Requested size: 421.0721pt x 231.61473pt.

<set_1det_p.png, id=159, 1859.94875pt x 928.46875pt>
File: set_1det_p.png Graphic file (type png)
 <use set_1det_p.png>
Package pdftex.def Info: set_1det_p.png used on input line 727.
(pdftex.def)             Requested size: 464.98605pt x 232.11662pt.

Overfull \hbox (21.40758pt too wide) in paragraph at lines 727--728
 [] 
 []

[30

 <./set_5_z.png>] [31 <./set_5_p.png> <./set_5_chi2.png>] [32 <./set_5_spettro.
png> <./set_1det_p.png>] (./spettrometro.aux)

LaTeX Warning: There were multiply-defined labels.

 ) 
Here is how much of TeX's memory you used:
 6156 strings out of 493093
 93637 string characters out of 6134996
 169594 words of memory out of 5000000
 9467 multiletter control sequences out of 15000+600000
 24019 words of font info for 95 fonts, out of 8000000 for 9000
 1141 hyphenation exceptions out of 8191
 42i,15n,40p,2200b,600s stack positions out of 5000i,500n,10000p,200000b,80000s
</usr/local/texlive/2015/texmf-dist/fonts/type1/public/amsfonts/cm/cmbx10.pfb
></usr/local/texlive/2015/texmf-dist/fonts/type1/public/amsfonts/cm/cmbx12.pfb>
</usr/local/texlive/2015/texmf-dist/fonts/type1/public/amsfonts/cm/cmbx6.pfb></
usr/local/texlive/2015/texmf-dist/fonts/type1/public/amsfonts/cm/cmbx7.pfb></us
r/local/texlive/2015/texmf-dist/fonts/type1/public/amsfonts/cm/cmbx8.pfb></usr/
local/texlive/2015/texmf-dist/fonts/type1/public/amsfonts/cm/cmcsc10.pfb></usr/
local/texlive/2015/texmf-dist/fonts/type1/public/amsfonts/cm/cmex10.pfb></usr/l
ocal/texlive/2015/texmf-dist/fonts/type1/public/amsfonts/cm/cmmi10.pfb></usr/lo
cal/texlive/2015/texmf-dist/fonts/type1/public/amsfonts/cm/cmmi12.pfb></usr/loc
al/texlive/2015/texmf-dist/fonts/type1/public/amsfonts/cm/cmmi5.pfb></usr/local
/texlive/2015/texmf-dist/fonts/type1/public/amsfonts/cm/cmmi6.pfb></usr/local/t
exlive/2015/texmf-dist/fonts/type1/public/amsfonts/cm/cmmi7.pfb></usr/local/tex
live/2015/texmf-dist/fonts/type1/public/amsfonts/cm/cmmi8.pfb></usr/local/texli
ve/2015/texmf-dist/fonts/type1/public/amsfonts/cm/cmr10.pfb></usr/local/texlive
/2015/texmf-dist/fonts/type1/public/amsfonts/cm/cmr12.pfb></usr/local/texlive/2
015/texmf-dist/fonts/type1/public/amsfonts/cm/cmr5.pfb></usr/local/texlive/2015
/texmf-dist/fonts/type1/public/amsfonts/cm/cmr6.pfb></usr/local/texlive/2015/te
xmf-dist/fonts/type1/public/amsfonts/cm/cmr7.pfb></usr/local/texlive/2015/texmf
-dist/fonts/type1/public/amsfonts/cm/cmr8.pfb></usr/local/texlive/2015/texmf-di
st/fonts/type1/public/amsfonts/cm/cmsy10.pfb></usr/local/texlive/2015/texmf-dis
t/fonts/type1/public/amsfonts/cm/cmsy5.pfb></usr/local/texlive/2015/texmf-dist/
fonts/type1/public/amsfonts/cm/cmsy6.pfb></usr/local/texlive/2015/texmf-dist/fo
nts/type1/public/amsfonts/cm/cmsy7.pfb></usr/local/texlive/2015/texmf-dist/font
s/type1/public/amsfonts/cm/cmsy8.pfb></usr/local/texlive/2015/texmf-dist/fonts/
type1/public/amsfonts/cm/cmti10.pfb></usr/local/texlive/2015/texmf-dist/fonts/t
ype1/public/amsfonts/cm/cmti8.pfb>
Output written on spettrometro.pdf (32 pages, 1437130 bytes).
PDF statistics:
 252 PDF objects out of 1000 (max. 8388607)
 151 compressed objects within 2 object streams
 0 named destinations out of 1000 (max. 500000)
 186 words of extra memory for PDF output out of 10000 (max. 10000000)

